Information: Propagating switching activity (medium effort zero delay simulation). (PWR-6)
Warning: Design has unannotated primary inputs. (PWR-414)
Warning: Design has unannotated sequential cell outputs. (PWR-415)
Warning: Design has unannotated black box outputs. (PWR-428)
 
****************************************
Report : power
        -hier
        -analysis_effort medium
        -verbose
Design : design_top
Version: J-2014.09-SP4
Date   : Thu Jun  6 11:35:55 2019
****************************************


Library(s) Used:

    saed32lvt_tt1p05vn40c (File: /users/ugrad2/2012/spring/pooriam/libraries/saed32lvt_tt1p05vn40c.db)
    saed32sram_tt1p05vn40c (File: /users/ugrad2/2012/spring/pooriam/libraries/saed32sram_tt1p05vn40c.db)
    gtech (File: /ecelib/linware/synopsys15/dc/libraries/syn/gtech.db)


Operating Conditions: tt1p05vn40c   Library: saed32lvt_tt1p05vn40c
Wire Load Model Mode: enclosed

Design        Wire Load Model            Library
------------------------------------------------
design_top             ForQA             saed32lvt_tt1p05vn40c
riscv                  ForQA             saed32lvt_tt1p05vn40c
instruction_memory     ForQA             saed32lvt_tt1p05vn40c
datapath_AW32_I_ctrl_controller_if__I_dmem_if_memory_if__ 35000 saed32lvt_tt1p05vn40c
register_file_AW5_DW32 16000             saed32lvt_tt1p05vn40c


Global Operating Voltage = 1.05 
Power-specific unit information :
    Voltage Units = 1V
    Capacitance Units = 1.000000ff
    Time Units = 1ns
    Dynamic Power Units = 1uW    (derived from V,C,T units)
    Leakage Power Units = 1pW


--------------------------------------------------------------------------------
                                       Switch   Int      Leak     Total
Hierarchy                              Power    Power    Power    Power    %
--------------------------------------------------------------------------------
design_top                               25.981 2.77e+03 1.68e+10 1.96e+04 100.0
  riscv_inst (riscv)                     25.978 2.77e+03 1.68e+10 1.96e+04 100.0
    dp_inst (datapath_AW32_I_ctrl_controller_if__I_dmem_if_memory_if__)   24.615 2.43e+03 1.68e+10 1.93e+04  98.2
      regf_inst (register_file_AW5_DW32)   13.258 1.64e+03 1.04e+10 1.21e+04  61.5
    imem_inst (instruction_memory)        0.712  176.744    0.000  177.457   0.9
1
